{"total": {"lines":{"total":343,"covered":167,"skipped":0,"pct":48.69},"statements":{"total":366,"covered":171,"skipped":0,"pct":46.72},"functions":{"total":72,"covered":37,"skipped":0,"pct":51.39},"branches":{"total":144,"covered":40,"skipped":0,"pct":27.78}}
,"/Users/Fall/cs310/cpsc310_team51/src/Util.ts": {"lines":{"total":12,"covered":11,"skipped":0,"pct":91.67},"functions":{"total":6,"covered":5,"skipped":0,"pct":83.33},"statements":{"total":12,"covered":11,"skipped":0,"pct":91.67},"branches":{"total":0,"covered":0,"skipped":0,"pct":100}}
,"/Users/Fall/cs310/cpsc310_team51/src/controller/InsightFacade.ts": {"lines":{"total":284,"covered":111,"skipped":0,"pct":39.08},"functions":{"total":53,"covered":19,"skipped":0,"pct":35.85},"statements":{"total":307,"covered":115,"skipped":0,"pct":37.46},"branches":{"total":140,"covered":36,"skipped":0,"pct":25.71}}
,"/Users/Fall/cs310/cpsc310_team51/src/rest/Server.ts": {"lines":{"total":47,"covered":45,"skipped":0,"pct":95.74},"functions":{"total":13,"covered":13,"skipped":0,"pct":100},"statements":{"total":47,"covered":45,"skipped":0,"pct":95.74},"branches":{"total":4,"covered":4,"skipped":0,"pct":100}}
}
