TN:
SF:/Users/Fall/cs310/cpsc310_team51/src/Util.ts
FN:7,(anonymous_0)
FN:9,(anonymous_2)
FN:13,(anonymous_3)
FN:17,(anonymous_4)
FN:21,(anonymous_5)
FN:25,(anonymous_6)
FNF:6
FNH:5
FNDA:1,(anonymous_0)
FNDA:3,(anonymous_2)
FNDA:7,(anonymous_3)
FNDA:0,(anonymous_4)
FNDA:1,(anonymous_5)
FNDA:16,(anonymous_6)
DA:7,1
DA:9,1
DA:10,3
DA:13,1
DA:14,7
DA:17,1
DA:18,0
DA:21,1
DA:22,1
DA:25,1
DA:26,16
DA:28,1
LF:12
LH:11
BRF:0
BRH:0
end_of_record
TN:
SF:/Users/Fall/cs310/cpsc310_team51/src/controller/InsightFacade.ts
FN:7,(anonymous_0)
FN:9,InsightFacade
FN:13,(anonymous_2)
FN:17,(anonymous_3)
FN:18,(anonymous_4)
FN:19,(anonymous_5)
FN:24,(anonymous_6)
FN:26,(anonymous_7)
FN:27,(anonymous_8)
FN:35,(anonymous_9)
FN:42,(anonymous_10)
FN:51,(anonymous_11)
FN:60,(anonymous_12)
FN:62,(anonymous_13)
FN:63,(anonymous_14)
FN:68,(anonymous_15)
FN:77,(anonymous_16)
FN:82,(anonymous_17)
FN:87,(anonymous_18)
FN:90,(anonymous_19)
FN:96,(anonymous_20)
FN:97,(anonymous_21)
FN:101,(anonymous_23)
FN:128,(anonymous_24)
FN:135,(anonymous_25)
FN:136,(anonymous_26)
FN:148,(anonymous_27)
FN:149,(anonymous_28)
FN:161,(anonymous_29)
FN:163,(anonymous_30)
FN:164,(anonymous_31)
FN:165,(anonymous_32)
FN:176,(anonymous_33)
FN:183,(anonymous_34)
FN:192,(anonymous_35)
FN:266,(anonymous_36)
FN:291,(anonymous_37)
FN:299,(anonymous_38)
FN:313,(anonymous_39)
FN:315,(anonymous_40)
FN:323,(anonymous_41)
FN:343,(anonymous_42)
FN:390,(anonymous_43)
FN:400,(anonymous_44)
FN:416,(anonymous_45)
FN:433,(anonymous_46)
FN:440,(anonymous_47)
FN:454,(anonymous_48)
FN:461,(anonymous_49)
FN:462,(anonymous_50)
FN:469,(anonymous_51)
FN:477,(anonymous_52)
FN:488,(anonymous_53)
FNF:53
FNH:19
FNDA:1,(anonymous_0)
FNDA:1,InsightFacade
FNDA:1,(anonymous_2)
FNDA:1,(anonymous_3)
FNDA:0,(anonymous_4)
FNDA:0,(anonymous_5)
FNDA:0,(anonymous_6)
FNDA:0,(anonymous_7)
FNDA:0,(anonymous_8)
FNDA:0,(anonymous_9)
FNDA:0,(anonymous_10)
FNDA:1,(anonymous_11)
FNDA:0,(anonymous_12)
FNDA:0,(anonymous_13)
FNDA:0,(anonymous_14)
FNDA:0,(anonymous_15)
FNDA:1,(anonymous_16)
FNDA:0,(anonymous_17)
FNDA:0,(anonymous_18)
FNDA:0,(anonymous_19)
FNDA:0,(anonymous_20)
FNDA:0,(anonymous_21)
FNDA:0,(anonymous_23)
FNDA:0,(anonymous_24)
FNDA:0,(anonymous_25)
FNDA:0,(anonymous_26)
FNDA:0,(anonymous_27)
FNDA:0,(anonymous_28)
FNDA:13,(anonymous_29)
FNDA:13,(anonymous_30)
FNDA:0,(anonymous_31)
FNDA:0,(anonymous_32)
FNDA:0,(anonymous_33)
FNDA:13,(anonymous_34)
FNDA:0,(anonymous_35)
FNDA:0,(anonymous_36)
FNDA:0,(anonymous_37)
FNDA:0,(anonymous_38)
FNDA:13,(anonymous_39)
FNDA:13,(anonymous_40)
FNDA:13,(anonymous_41)
FNDA:21,(anonymous_42)
FNDA:17,(anonymous_43)
FNDA:56,(anonymous_44)
FNDA:55,(anonymous_45)
FNDA:13,(anonymous_46)
FNDA:13,(anonymous_47)
FNDA:13,(anonymous_48)
FNDA:0,(anonymous_49)
FNDA:0,(anonymous_50)
FNDA:0,(anonymous_51)
FNDA:0,(anonymous_52)
FNDA:0,(anonymous_53)
DA:5,1
DA:7,1
DA:10,1
DA:13,1
DA:14,1
DA:15,1
DA:16,1
DA:17,1
DA:18,1
DA:19,0
DA:20,0
DA:25,0
DA:26,0
DA:27,0
DA:28,0
DA:29,0
DA:30,0
DA:35,0
DA:36,0
DA:37,0
DA:42,0
DA:43,0
DA:52,1
DA:60,1
DA:61,0
DA:62,0
DA:63,0
DA:64,0
DA:69,0
DA:77,1
DA:78,1
DA:79,1
DA:82,1
DA:83,0
DA:84,0
DA:87,1
DA:88,0
DA:89,0
DA:90,0
DA:91,0
DA:92,0
DA:96,1
DA:97,0
DA:98,0
DA:99,0
DA:100,0
DA:101,0
DA:103,0
DA:114,0
DA:115,0
DA:116,0
DA:117,0
DA:118,0
DA:119,0
DA:120,0
DA:121,0
DA:122,0
DA:124,0
DA:128,0
DA:129,0
DA:130,0
DA:135,1
DA:136,0
DA:137,0
DA:138,0
DA:139,0
DA:140,0
DA:141,0
DA:143,0
DA:148,1
DA:149,0
DA:150,0
DA:151,0
DA:152,0
DA:153,0
DA:154,0
DA:156,0
DA:161,1
DA:162,13
DA:163,13
DA:164,13
DA:165,0
DA:166,0
DA:167,0
DA:168,0
DA:169,0
DA:170,0
DA:172,0
DA:177,0
DA:184,13
DA:192,1
DA:193,0
DA:194,0
DA:196,0
DA:197,0
DA:199,0
DA:200,0
DA:201,0
DA:202,0
DA:203,0
DA:205,0
DA:208,0
DA:209,0
DA:210,0
DA:211,0
DA:212,0
DA:214,0
DA:217,0
DA:218,0
DA:219,0
DA:220,0
DA:221,0
DA:223,0
DA:226,0
DA:227,0
DA:228,0
DA:229,0
DA:230,0
DA:232,0
DA:235,0
DA:236,0
DA:237,0
DA:238,0
DA:239,0
DA:242,0
DA:245,0
DA:246,0
DA:247,0
DA:249,0
DA:252,0
DA:253,0
DA:254,0
DA:255,0
DA:256,0
DA:259,0
DA:262,0
DA:266,1
DA:267,0
DA:269,0
DA:271,0
DA:273,0
DA:275,0
DA:277,0
DA:279,0
DA:281,0
DA:283,0
DA:285,0
DA:287,0
DA:291,1
DA:292,0
DA:293,0
DA:294,0
DA:296,0
DA:299,1
DA:300,0
DA:301,0
DA:302,0
DA:303,0
DA:304,0
DA:305,0
DA:306,0
DA:310,0
DA:313,1
DA:314,13
DA:315,13
DA:316,13
DA:317,0
DA:319,13
DA:323,1
DA:324,13
DA:325,13
DA:327,13
DA:328,13
DA:329,13
DA:332,13
DA:333,13
DA:334,13
DA:335,13
DA:336,13
DA:337,13
DA:340,13
DA:343,1
DA:344,21
DA:345,21
DA:346,21
DA:348,0
DA:349,0
DA:350,0
DA:352,7
DA:353,7
DA:354,7
DA:356,2
DA:357,2
DA:358,2
DA:360,8
DA:361,8
DA:362,8
DA:364,2
DA:365,2
DA:366,4
DA:367,4
DA:369,2
DA:371,2
DA:373,2
DA:374,2
DA:375,4
DA:376,4
DA:378,2
DA:380,2
DA:382,0
DA:383,0
DA:384,0
DA:386,0
DA:390,1
DA:391,17
DA:392,0
DA:393,21
DA:394,21
DA:395,13
DA:397,4
DA:400,1
DA:402,56
DA:404,7
DA:406,0
DA:408,0
DA:410,2
DA:412,47
DA:416,1
DA:417,55
DA:419,2
DA:421,1
DA:423,4
DA:425,1
DA:427,0
DA:429,47
DA:433,1
DA:434,13
DA:435,13
DA:436,13
DA:437,0
DA:440,1
DA:441,13
DA:442,13
DA:443,13
DA:444,13
DA:445,34
DA:446,34
DA:447,34
DA:449,13
DA:451,13
DA:454,1
DA:455,13
DA:456,13
DA:457,13
DA:458,0
DA:461,1
DA:462,0
DA:463,0
DA:464,0
DA:465,0
DA:467,0
DA:468,0
DA:469,0
DA:470,0
DA:472,0
DA:477,1
DA:478,0
DA:479,0
DA:481,0
DA:482,0
DA:483,0
DA:485,0
DA:488,1
DA:489,0
DA:491,0
DA:492,0
DA:493,0
DA:495,0
DA:499,0
DA:500,0
DA:502,0
DA:503,0
DA:505,0
DA:507,1
LF:284
LH:111
BRDA:28,0,0,0
BRDA:28,0,1,0
BRDA:36,1,0,0
BRDA:36,1,1,0
BRDA:91,2,0,0
BRDA:91,2,1,0
BRDA:114,3,0,0
BRDA:114,3,1,0
BRDA:115,4,0,0
BRDA:115,4,1,0
BRDA:116,5,0,0
BRDA:116,5,1,0
BRDA:117,6,0,0
BRDA:117,6,1,0
BRDA:118,7,0,0
BRDA:118,7,1,0
BRDA:119,8,0,0
BRDA:119,8,1,0
BRDA:120,9,0,0
BRDA:120,9,1,0
BRDA:121,10,0,0
BRDA:121,10,1,0
BRDA:122,11,0,0
BRDA:122,11,1,0
BRDA:198,12,0,0
BRDA:198,12,1,0
BRDA:198,12,2,0
BRDA:198,12,3,0
BRDA:198,12,4,0
BRDA:198,12,5,0
BRDA:198,12,6,0
BRDA:198,12,7,0
BRDA:202,13,0,0
BRDA:202,13,1,0
BRDA:202,14,0,0
BRDA:202,14,1,0
BRDA:211,15,0,0
BRDA:211,15,1,0
BRDA:211,16,0,0
BRDA:211,16,1,0
BRDA:220,17,0,0
BRDA:220,17,1,0
BRDA:220,18,0,0
BRDA:220,18,1,0
BRDA:229,19,0,0
BRDA:229,19,1,0
BRDA:229,20,0,0
BRDA:229,20,1,0
BRDA:238,21,0,0
BRDA:238,21,1,0
BRDA:254,22,0,0
BRDA:254,22,1,0
BRDA:268,23,0,0
BRDA:268,23,1,0
BRDA:268,23,2,0
BRDA:268,23,3,0
BRDA:268,23,4,0
BRDA:268,23,5,0
BRDA:268,23,6,0
BRDA:268,23,7,0
BRDA:268,23,8,0
BRDA:268,23,9,0
BRDA:293,24,0,0
BRDA:293,24,1,0
BRDA:305,25,0,0
BRDA:305,25,1,0
BRDA:305,26,0,0
BRDA:305,26,1,0
BRDA:316,27,0,0
BRDA:316,27,1,13
BRDA:327,28,0,13
BRDA:327,28,1,0
BRDA:328,29,0,13
BRDA:328,29,1,0
BRDA:332,30,0,13
BRDA:332,30,1,0
BRDA:333,31,0,13
BRDA:333,31,1,0
BRDA:334,32,0,13
BRDA:334,32,1,0
BRDA:336,33,0,13
BRDA:336,33,1,0
BRDA:340,34,0,13
BRDA:340,34,1,0
BRDA:340,34,2,0
BRDA:347,35,0,0
BRDA:347,35,1,7
BRDA:347,35,2,2
BRDA:347,35,3,8
BRDA:347,35,4,2
BRDA:347,35,5,2
BRDA:347,35,6,0
BRDA:347,35,7,0
BRDA:348,36,0,0
BRDA:348,36,1,0
BRDA:352,37,0,7
BRDA:352,37,1,0
BRDA:356,38,0,2
BRDA:356,38,1,0
BRDA:360,39,0,8
BRDA:360,39,1,0
BRDA:364,40,0,2
BRDA:364,40,1,0
BRDA:373,41,0,2
BRDA:373,41,1,0
BRDA:382,42,0,0
BRDA:382,42,1,0
BRDA:391,43,0,0
BRDA:391,43,1,17
BRDA:394,44,0,13
BRDA:394,44,1,8
BRDA:403,45,0,7
BRDA:403,45,1,0
BRDA:403,45,2,0
BRDA:403,45,3,2
BRDA:403,45,4,47
BRDA:418,46,0,2
BRDA:418,46,1,1
BRDA:418,46,2,4
BRDA:418,46,3,1
BRDA:418,46,4,0
BRDA:418,46,5,47
BRDA:435,47,0,13
BRDA:435,47,1,0
BRDA:444,48,0,13
BRDA:444,48,1,0
BRDA:446,49,0,34
BRDA:446,49,1,34
BRDA:456,50,0,13
BRDA:456,50,1,0
BRDA:457,51,0,13
BRDA:457,51,1,13
BRDA:468,52,0,0
BRDA:468,52,1,0
BRDA:478,53,0,0
BRDA:478,53,1,0
BRDA:491,54,0,0
BRDA:491,54,1,0
BRDA:492,55,0,0
BRDA:492,55,1,0
BRF:140
BRH:36
end_of_record
TN:
SF:/Users/Fall/cs310/cpsc310_team51/src/rest/Server.ts
FN:14,(anonymous_0)
FN:19,Server
FN:30,(anonymous_2)
FN:33,(anonymous_3)
FN:34,(anonymous_4)
FN:47,(anonymous_5)
FN:49,(anonymous_6)
FN:58,crossOrigin
FN:64,(anonymous_8)
FN:75,(anonymous_9)
FN:80,(anonymous_10)
FN:96,(anonymous_11)
FN:109,(anonymous_12)
FNF:13
FNH:13
FNDA:1,(anonymous_0)
FNDA:1,Server
FNDA:1,(anonymous_2)
FNDA:1,(anonymous_3)
FNDA:1,(anonymous_4)
FNDA:2,(anonymous_5)
FNDA:2,(anonymous_6)
FNDA:2,crossOrigin
FNDA:1,(anonymous_8)
FNDA:1,(anonymous_9)
FNDA:1,(anonymous_10)
FNDA:2,(anonymous_11)
FNDA:5,(anonymous_12)
DA:6,1
DA:8,1
DA:14,1
DA:20,1
DA:21,1
DA:30,1
DA:31,1
DA:32,1
DA:33,1
DA:34,1
DA:35,1
DA:47,1
DA:48,2
DA:49,2
DA:50,2
DA:51,2
DA:53,2
DA:58,2
DA:59,2
DA:60,2
DA:61,2
DA:64,2
DA:65,1
DA:66,1
DA:71,2
DA:75,2
DA:76,1
DA:77,1
DA:80,2
DA:82,1
DA:83,1
DA:86,0
DA:87,0
DA:96,1
DA:97,2
DA:98,2
DA:99,2
DA:100,1
DA:101,1
DA:103,1
DA:104,1
DA:106,1
DA:109,1
DA:110,5
DA:111,3
DA:113,2
DA:117,1
LF:47
LH:45
BRDA:110,0,0,3
BRDA:110,0,1,2
BRDA:110,1,0,5
BRDA:110,1,1,4
BRF:4
BRH:4
end_of_record
